---------------------------------------------------------------
[ 2019-07-30T15:09:29+08:00 ] 127.0.0.1 GET www.51dewen.com/
[运行时间：0.152703s] [吞吐率：6.55req/s] [内存消耗：1,336.35kb] [文件加载：41]
[ info ] [ LANG ] D:\phpStudy\PHPTutorial\WWW\www.51dewen.wang\thinkphp\lang\zh-cn.php
[ info ] [ ROUTE ] array (
  'type' => 'module',
  'module' => 
  array (
    0 => '',
    1 => NULL,
    2 => NULL,
  ),
)
[ info ] [ HEADER ] array (
  'accept-language' => 'zh-CN,zh;q=0.9',
  'accept-encoding' => 'gzip, deflate',
  'accept' => 'text/html,application/xhtml+xml,application/xml;q=0.9,image/webp,image/apng,*/*;q=0.8',
  'user-agent' => 'Mozilla/5.0 (Windows NT 10.0; Win64; x64) AppleWebKit/537.36 (KHTML, like Gecko) Chrome/72.0.3626.121 Safari/537.36',
  'upgrade-insecure-requests' => '1',
  'cache-control' => 'max-age=0',
  'connection' => 'close',
  'host' => 'www.51dewen.com',
)
[ info ] [ PARAM ] array (
)
[ info ] [ RUN ] app\index\controller\Index->index[ D:\phpStudy\PHPTutorial\WWW\www.51dewen.wang\application\index\controller\Index.php ]
[ info ] [ VIEW ] D:\phpStudy\PHPTutorial\WWW\www.51dewen.wang\public/../application/index\view\index\index.html [ array (
) ]
[ info ] [ LOG ] INIT File
